IO Area (sq.mm) = 2.90152
IO Timing Margin (ps) = -7.5
IO Votlage Margin (V) = 0.125
IO Dynamic Power (mW) = 1293.38 PHY Power (mW) = 210.224 PHY Wakeup Time (us) = 27.503
IO Termination and Bias Power (mW) = 2090.96

-------  CACTI (version 7.0.3DD Prerelease of Aug, 2012) 3D DRAM Main Memory  -------

Memory Parameters:
	Total memory size (Gb): 8
	Stacked die count: 4
	TSV projection: industrial conservative
	Number of banks: 8
	Technology size (nm): 50
	Page size (bits): 8192
	Burst depth: 8
	Chip IO width: 4
	Best Ndwl: 16
	Best Ndbl: 32
	# rows in subarray: 1024
	# columns in subarray: 512

Results:
Timing Components:
	   t_RCD (Row to column command delay): 7.84292 ns
	   t_RAS (Row access strobe latency): 29.194 ns
	   t_RC (Row cycle): 49.1003 ns
	   t_CAS (Column access strobe latency): 16.9298 ns
	   t_RP (Row precharge latency): 20.648 ns
	   t_RRD (Row activation to row activation delay): 4.06969 ns
Power Components:
	   Activation energy: 1.81143 nJ
	   Read energy: 1.11818 nJ
	   Write energy: 1.1182 nJ
	   Precharge energy: 1.67972 nJ
Area Components:
	   DRAM core area: 60.821 mm2
	   DRAM area per die: 85.0829 mm2
	   Area efficiency: 43.8701%
	   DRAM die width: 7.65902 mm
	   DRAM die height: 11.0781 mm
TSV Components:
	   TSV area overhead: 0.2352 mm2
	   TSV latency overhead: 0.741733 ns
	   TSV energy overhead per access: 0.0481619 nJ


3D DRAM Detail Components:


Time Components:

	 row activation bus delay (ns): 3.32795
	 row predecoder delay (ns): 0.689464
	 row decoder delay (ns): 0.855861
	 local wordline delay (ns): 1.06448
	 bitline delay (ns): 5.1465
	 sense amp delay (ns): 0.0343476
	 column access bus delay (ns): 3.32795
	 column predecoder delay (ns): 0.357764
	 column decoder delay (ns): 2.11219
	 datapath bus delay (ns): 3.32795
	 global dataline delay (ns): 1.93766
	 local dataline delay (ns): 0.65664
	 data buffer delay (ns): 2.95421
	 subarray output driver delay (ns): 0.30785

Energy Components:

	 row activation bus energy (nJ): 0.104827
	 row predecoder energy (nJ): 0.000458685
	 row decoder energy (nJ): 0.00223375
	 local wordline energy (nJ): 0.00282449
	 bitline energy (nJ): 1.58417
	 sense amp energy (nJ): 0.0687561
	 column access bus energy (nJ): 0.0908498
	 column predecoder energy (nJ): 4.63255e-05
	 column decoder energy (nJ): 0.000387658
	 column selectline energy (nJ): 0.249477
	 datapath bus energy (nJ): 0.22363
	 global dataline energy (nJ): 0.0120906
	 local dataline energy (nJ): 0.0341787
	 data buffer energy (nJ): 0.00026899

Area Components:

	 DRAM cell area (mm2): 37.326
	 local WL driver area (mm2): 16.7638
	 subarray sense amp area (mm2): 3.87505
	 row predecoder/decoder area (mm2): 0.244168
	 column predecoder/decoder area (mm2): 0.00421337
	 center stripe bus area (mm2): 0.529738
	 address bus area (mm2): 0.25116
	 data bus area (mm2): 0.0780511
	 data driver area (mm2): 0.00409271
	 IO secondary sense amp area (mm2): 0.00176
	 TSV area (mm2): 0.2352

Wire Properties:

  Delay Optimal
	Repeater size - 204.471 
	Repeater spacing - 0.506221 (mm) 
	Delay - 0.155136 (ns/mm) 
	PowerD - 0.000808822 (nJ/mm) 
	PowerL - 4.83113e-06 (mW/mm) 
	PowerLgate - 1.89076e-06 (mW/mm)
	Wire width - 0.1 microns
	Wire spacing - 0.1 microns

  5% Overhead
	Repeater size - 112.471 
	Repeater spacing - 0.706221 (mm) 
	Delay - 0.162817 (ns/mm) 
	PowerD - 0.000520737 (nJ/mm) 
	PowerL - 1.90483e-06 (mW/mm) 
	PowerLgate - 7.45493e-07 (mW/mm)
	Wire width - 0.1 microns
	Wire spacing - 0.1 microns

  10% Overhead
	Repeater size - 101.471 
	Repeater spacing - 0.806221 (mm) 
	Delay - 0.170385 (ns/mm) 
	PowerD - 0.000488431 (nJ/mm) 
	PowerL - 1.50537e-06 (mW/mm) 
	PowerLgate - 5.89158e-07 (mW/mm)
	Wire width - 0.1 microns
	Wire spacing - 0.1 microns

  20% Overhead
	Repeater size - 81.4708 
	Repeater spacing - 0.906221 (mm) 
	Delay - 0.186003 (ns/mm) 
	PowerD - 0.000444659 (nJ/mm) 
	PowerL - 1.07529e-06 (mW/mm) 
	PowerLgate - 4.20836e-07 (mW/mm)
	Wire width - 0.1 microns
	Wire spacing - 0.1 microns

  30% Overhead
	Repeater size - 70.4708 
	Repeater spacing - 1.00622 (mm) 
	Delay - 0.201033 (ns/mm) 
	PowerD - 0.000422153 (nJ/mm) 
	PowerL - 8.3767e-07 (mW/mm) 
	PowerLgate - 3.27839e-07 (mW/mm)
	Wire width - 0.1 microns
	Wire spacing - 0.1 microns

  Low-swing wire (1 mm) - Note: Unlike repeated wires, 
	delay and power values of low-swing wires do not
	have a linear relationship with length. 
	delay - 0.441619 (ns) 
	powerD - 6.95985e-06 (nJ) 
	PowerL - 1.20052e-10 (mW) 
	PowerLgate - 8.49258e-11 (mW)
	Wire width - 2e-07 microns
	Wire spacing - 2e-07 microns


