Cache size                    : 1
Block size                    : 128
Associativity                 : 1
Read only ports               : 0
Write only ports              : 0
Read write ports              : 1
Single ended read ports       : 0
Cache banks (UCA)             : 8
Technology                    : 0.078
Temperature                   : 350
Tag size                      : 42
array type                    : Scratch RAM
Model as memory               : 1
Model as 3D memory       	 : 1
Access mode                   : 2
Data array cell type          : 4
Data array peripheral type    : 1
Tag array cell type           : 0
Tag array peripheral type     : 0
Optimization target           : 0
Design objective (UCA wt)     : 0 0 0 0 10
Design objective (UCA dev)    : 50 100000 100000 100000 1000000
Cache model                   : 0
Nuca bank                     : 0
Wire inside mat               : 1
Wire outside mat              : 2
Interconnect projection       : 1
Wire signaling               : 1
Print level                   : 1
ECC overhead                  : 1
Page size                     : 16384
Burst length                  : 4
Internal prefetch width       : 1
Force cache config            : 1
Ndwl                          : 16
Ndbl                          : 16
Nspd                          : 1
Ndcm                          : 1
Ndsam1                        : 1
Ndsam2                        : 1
Subarray Driver direction       : 1
iostate                       : READ
dram_ecc                      : NO_ECC
io_type                     : DDR3
dram_dimm                      : UDIMM
IO Area (sq.mm) = inf
IO Timing Margin (ps) = 35.8333
IO Votlage Margin (V) = 0.155
IO Dynamic Power (mW) = 1282.42 PHY Power (mW) = 232.752 PHY Wakeup Time (us) = 27.503
IO Termination and Bias Power (mW) = 3136.7
-------  CACTI (version 7.0.3DD Prerelease of Aug, 2012) 3D DRAM Main Memory  -------

Memory Parameters:
	Total memory size (Gb): 1
	Number of banks: 8
	Technology size (nm): 78
	Page size (bits): 16384
	Burst depth: 8
	Chip IO width: 4
	Best Ndwl: 16
	Best Ndbl: 16
	# rows in subarray: 512
	# columns in subarray: 1024

Results:
Timing Components:
	   t_RCD (Row to column command delay): 15.2921 ns
	   t_RAS (Row access strobe latency): 29.1699 ns
	   t_RC (Row cycle): 46.8787 ns
	   t_CAS (Column access strobe latency): 14.1737 ns
	   t_RP (Row precharge latency): 17.7087 ns
	   t_RRD (Row activation to row activation delay): 1.29926 ns
Power Components:
	   Activation energy: 3.99891 nJ
	   Read energy: 1.87983 nJ
	   Write energy: 1.87986 nJ
	   Precharge energy: 3.89579 nJ
Area Components:
	   DRAM core area: 72.5955 mm2
	   DRAM area per die: 101.992 mm2
	   Area efficiency: 44.3425%
	   DRAM die width: 20.6244 mm
	   DRAM die height: 4.94523 mm


3D DRAM Detail Components:


Time Components:

	 row activation bus delay (ns): 1.29926
	 row predecoder delay (ns): 1.04049
	 row decoder delay (ns): 3.6489
	 local wordline delay (ns): 4.42559
	 bitline delay (ns): 7.1874
	 sense amp delay (ns): 0.0301682
	 column access bus delay (ns): 1.29926
	 column predecoder delay (ns): 0.670158
	 column decoder delay (ns): 3.63749
	 datapath bus delay (ns): 1.29926
	 global dataline delay (ns): 1.04674
	 local dataline delay (ns): 1.56361
	 data buffer delay (ns): 3.75235
	 subarray output driver delay (ns): 0.459464

Energy Components:

	 row activation bus energy (nJ): 0.0598933
	 row predecoder energy (nJ): 0.000535213
	 row decoder energy (nJ): 0.0111059
	 local wordline energy (nJ): 0.00928223
	 bitline energy (nJ): 3.64977
	 sense amp energy (nJ): 0.268314
	 column access bus energy (nJ): 0.0645004
	 column predecoder energy (nJ): 0.000144668
	 column decoder energy (nJ): 0.000970878
	 column selectline energy (nJ): 0.808676
	 datapath bus energy (nJ): 0.14743
	 global dataline energy (nJ): 0.0135287
	 local dataline energy (nJ): 0.127765
	 data buffer energy (nJ): 0.0006341

Area Components:

	 DRAM cell area (mm2): 45.226
	 local WL driver area (mm2): 12.4504
	 subarray sense amp area (mm2): 11.394
	 row predecoder/decoder area (mm2): 0.156219
	 column predecoder/decoder area (mm2): 0.00977748
	 center stripe bus area (mm2): 0.361183
	 address bus area (mm2): 0.445201
	 data bus area (mm2): 0.171753
	 data driver area (mm2): 0.0060793
	 IO secondary sense amp area (mm2): 0.00214157
	 TSV area (mm2): 0.003625

Wire Properties:

  Delay Optimal
	Repeater size - 207.584 
	Repeater spacing - 0.980248 (mm) 
	Delay - 0.126844 (ns/mm) 
	PowerD - 0.00107581 (nJ/mm) 
	PowerL - 2.79302e-06 (mW/mm) 
	PowerLgate - 3.75199e-06 (mW/mm)
	Wire width - 0.156 microns
	Wire spacing - 0.156 microns

  5% Overhead
	Repeater size - 123.584 
	Repeater spacing - 1.28025 (mm) 
	Delay - 0.133005 (ns/mm) 
	PowerD - 0.000734827 (nJ/mm) 
	PowerL - 1.27316e-06 (mW/mm) 
	PowerLgate - 1.7103e-06 (mW/mm)
	Wire width - 0.156 microns
	Wire spacing - 0.156 microns

  10% Overhead
	Repeater size - 110.584 
	Repeater spacing - 1.48025 (mm) 
	Delay - 0.139293 (ns/mm) 
	PowerD - 0.000682926 (nJ/mm) 
	PowerL - 9.85311e-07 (mW/mm) 
	PowerLgate - 1.32361e-06 (mW/mm)
	Wire width - 0.156 microns
	Wire spacing - 0.156 microns

  20% Overhead
	Repeater size - 85.5836 
	Repeater spacing - 1.58025 (mm) 
	Delay - 0.152082 (ns/mm) 
	PowerD - 0.000612709 (nJ/mm) 
	PowerL - 7.14303e-07 (mW/mm) 
	PowerLgate - 9.59556e-07 (mW/mm)
	Wire width - 0.156 microns
	Wire spacing - 0.156 microns

  30% Overhead
	Repeater size - 76.5836 
	Repeater spacing - 1.88025 (mm) 
	Delay - 0.164816 (ns/mm) 
	PowerD - 0.000584437 (nJ/mm) 
	PowerL - 5.37202e-07 (mW/mm) 
	PowerLgate - 7.21649e-07 (mW/mm)
	Wire width - 0.156 microns
	Wire spacing - 0.156 microns

  Low-swing wire (1 mm) - Note: Unlike repeated wires, 
	delay and power values of low-swing wires do not
	have a linear relationship with length. 
	delay - 0.862858 (ns) 
	powerD - 1.57485e-05 (nJ) 
	PowerL - 1.31503e-10 (mW) 
	PowerLgate - 3.22516e-10 (mW)
	Wire width - 3.12e-07 microns
	Wire spacing - 3.12e-07 microns


top 3 best memory configurations are:
Memory    cap: 80 GB num_bobs: 1 bw: 533 (MHz) cost: $731.2 energy: 32.6101 (nJ) 
 {
 (0)  BoB       cap: 80 GB num_channels: 1 bw: 533 (MHz) cost: $731.2 energy: 32.6101 (nJ) 
    ==============
    (0) cap: 80 GB bw: 533 (MHz) cost: $731.2 dpc: 3 energy: 32.6101 (nJ)  DIMM:  RDIMM  low power: F [ 0(4GB) 0(8GB) 1(16GB) 2(32GB) 0(64GB) ]
    ==============

 }

=============================================

